<?xml version="1.0" encoding="UTF-8"?>
<!-- Generated by org.testng.reporters.JUnitXMLReporter -->
<testsuite hostname="DESKTOP-HPCIQ41" ignored="0" name=" FunctionalTest" tests="7" failures="2" timestamp="2022-06-26T16:39:41 IST" time="146.952" errors="0">
  <testcase name="verifytext" time="86.707" classname="ui.Verifyurltext">
    <failure type="java.lang.AssertionError" message="expected [Egg] but found [Facebook – log in or sign up]">
      <![CDATA[java.lang.AssertionError: expected [Egg] but found [Facebook – log in or sign up]
at ui.Verifyurltext.verifytext(Verifyurltext.java:25)
at java.util.ArrayList.forEach(ArrayList.java:1257)
... Removed 32 stack frames]]>
    </failure>
  </testcase> <!-- verifytext -->
  <testcase name="f1" time="0.004" classname="ui.Grouping"/>
  <testcase name="f2" time="0.003" classname="ui.Grouping"/>
  <testcase name="f3" time="0.005" classname="ui.Grouping"/>
  <testcase name="f4" time="0.003" classname="ui.Grouping"/>
  <testcase name="f5" time="0.001" classname="ui.Grouping"/>
  <testcase name="verifytext" time="59.34" classname="ui.SoftAssertiondemo">
    <failure type="java.lang.AssertionError" message="The following asserts failed:
	Texting failed expected [Egg] but found [Electronics, Cars, Fashion, Collectibles &amp;amp; More | eBay]">
      <![CDATA[java.lang.AssertionError: The following asserts failed:
Texting failed expected [Egg] but found [Electronics, Cars, Fashion, Collectibles & More | eBay]
at ui.SoftAssertiondemo.verifytext(SoftAssertiondemo.java:33)
at java.util.ArrayList.forEach(ArrayList.java:1257)
... Removed 29 stack frames]]>
    </failure>
  </testcase> <!-- verifytext -->
</testsuite> <!--  FunctionalTest -->
