<?xml version="1.0" encoding="UTF-8"?>
<!-- Generated by org.testng.reporters.JUnitXMLReporter -->
<testsuite hostname="DESKTOP-HPCIQ41" ignored="0" name="Default test" tests="4" failures="0" timestamp="2022-06-26T21:33:55 IST" time="93.756" errors="0">
  <testcase name="login" time="54.167" classname="ui.Dataprovider"/>
  <testcase name="login" time="11.282" classname="ui.Dataprovider"/>
  <testcase name="login" time="16.384" classname="ui.Dataprovider"/>
  <testcase name="login" time="11.554" classname="ui.Dataprovider"/>
</testsuite> <!-- Default test -->
