<?xml version="1.0" encoding="UTF-8"?>
<!-- Generated by org.testng.reporters.JUnitXMLReporter -->
<testsuite hostname="DESKTOP-HPCIQ41" ignored="3" name="Test Regression" tests="2" failures="0" timestamp="2022-06-26T16:57:27 IST" time="0.086" errors="0">
  <testcase name="f2" time="0.011" classname="ui.Grouping"/>
  <testcase name="f4" time="0.001" classname="ui.Grouping"/>
  <testcase name="f5" time="0.0" classname="ui.Grouping">
    <ignored/>
  </testcase> <!-- f5 -->
  <testcase name="f3" time="0.0" classname="ui.Grouping">
    <ignored/>
  </testcase> <!-- f3 -->
  <testcase name="f1" time="0.0" classname="ui.Grouping">
    <ignored/>
  </testcase> <!-- f1 -->
</testsuite> <!-- Test Regression -->
