<?xml version="1.0" encoding="UTF-8"?>
<testng-results skipped="0" failed="0" ignored="0" total="4" passed="4">
  <reporter-output>
  </reporter-output>
  <suite name="Default suite" duration-ms="93756" started-at="2022-06-26T21:32:20 IST" finished-at="2022-06-26T21:33:54 IST">
    <groups>
    </groups>
    <test name="Default test" duration-ms="93756" started-at="2022-06-26T21:32:20 IST" finished-at="2022-06-26T21:33:54 IST">
      <class name="ui.Dataprovider">
        <test-method status="PASS" signature="login(java.lang.String, java.lang.String)[pri:0, instance:ui.Dataprovider@1282abb]" name="login" duration-ms="54167" started-at="2022-06-26T21:32:21 IST" data-provider="create" finished-at="2022-06-26T21:33:15 IST">
          <params>
            <param index="0">
              <value>
                <![CDATA[standard_user]]>
              </value>
            </param>
            <param index="1">
              <value>
                <![CDATA[secret_sauce]]>
              </value>
            </param>
          </params>
          <reporter-output>
          </reporter-output>
        </test-method> <!-- login -->
        <test-method status="PASS" signature="login(java.lang.String, java.lang.String)[pri:0, instance:ui.Dataprovider@1282abb]" name="login" duration-ms="11282" started-at="2022-06-26T21:33:15 IST" data-provider="create" finished-at="2022-06-26T21:33:26 IST">
          <params>
            <param index="0">
              <value>
                <![CDATA[locked_out_user]]>
              </value>
            </param>
            <param index="1">
              <value>
                <![CDATA[secret_sauce]]>
              </value>
            </param>
          </params>
          <reporter-output>
          </reporter-output>
        </test-method> <!-- login -->
        <test-method status="PASS" signature="login(java.lang.String, java.lang.String)[pri:0, instance:ui.Dataprovider@1282abb]" name="login" duration-ms="16384" started-at="2022-06-26T21:33:26 IST" data-provider="create" finished-at="2022-06-26T21:33:42 IST">
          <params>
            <param index="0">
              <value>
                <![CDATA[problem_user]]>
              </value>
            </param>
            <param index="1">
              <value>
                <![CDATA[secret_sauce]]>
              </value>
            </param>
          </params>
          <reporter-output>
          </reporter-output>
        </test-method> <!-- login -->
        <test-method status="PASS" signature="login(java.lang.String, java.lang.String)[pri:0, instance:ui.Dataprovider@1282abb]" name="login" duration-ms="11554" started-at="2022-06-26T21:33:42 IST" data-provider="create" finished-at="2022-06-26T21:33:54 IST">
          <params>
            <param index="0">
              <value>
                <![CDATA[sperformance_glitch_user]]>
              </value>
            </param>
            <param index="1">
              <value>
                <![CDATA[secret_sauce]]>
              </value>
            </param>
          </params>
          <reporter-output>
          </reporter-output>
        </test-method> <!-- login -->
      </class> <!-- ui.Dataprovider -->
    </test> <!-- Default test -->
  </suite> <!-- Default suite -->
</testng-results>
