<?xml version="1.0" encoding="UTF-8"?>
<!-- Generated by org.testng.reporters.JUnitXMLReporter -->
<testsuite hostname="DESKTOP-HPCIQ41" ignored="0" name="Test before and aster suite" tests="5" failures="0" timestamp="2022-06-26T17:50:42 IST" time="0.064" errors="0">
  <testcase name="f1" time="0.006" classname="ui.Grouping"/>
  <testcase name="f2" time="0.001" classname="ui.Grouping"/>
  <testcase name="f3" time="0.002" classname="ui.Grouping"/>
  <testcase name="f4" time="0.002" classname="ui.Grouping"/>
  <testcase name="f5" time="0.001" classname="ui.Grouping"/>
</testsuite> <!-- Test before and aster suite -->
