<?xml version="1.0" encoding="UTF-8"?>
<!-- Generated by org.testng.reporters.JUnitXMLReporter -->
<testsuite hostname="DESKTOP-HPCIQ41" ignored="3" name="GRP-kvb" tests="2" failures="0" timestamp="2022-06-25T22:11:31 IST" time="0.462" errors="0">
  <testcase name="f2" time="0.016" classname="ui.Grouping"/>
  <testcase name="f4" time="0.002" classname="ui.Grouping"/>
  <testcase name="f5" time="0.0" classname="ui.Grouping">
    <ignored/>
  </testcase> <!-- f5 -->
  <testcase name="f3" time="0.0" classname="ui.Grouping">
    <ignored/>
  </testcase> <!-- f3 -->
  <testcase name="f1" time="0.0" classname="ui.Grouping">
    <ignored/>
  </testcase> <!-- f1 -->
</testsuite> <!-- GRP-kvb -->
