<?xml version="1.0" encoding="UTF-8"?>
<!-- Generated by org.testng.reporters.JUnitXMLReporter -->
<testsuite hostname="DESKTOP-HPCIQ41" ignored="4" name="GRP-smoke" tests="1" failures="0" timestamp="2022-06-26T17:33:11 IST" time="0.069" errors="0">
  <testcase name="f5" time="0.007" classname="ui.Grouping"/>
  <testcase name="f2" time="0.0" classname="ui.Grouping">
    <ignored/>
  </testcase> <!-- f2 -->
  <testcase name="f3" time="0.0" classname="ui.Grouping">
    <ignored/>
  </testcase> <!-- f3 -->
  <testcase name="f1" time="0.0" classname="ui.Grouping">
    <ignored/>
  </testcase> <!-- f1 -->
  <testcase name="f4" time="0.0" classname="ui.Grouping">
    <ignored/>
  </testcase> <!-- f4 -->
</testsuite> <!-- GRP-smoke -->
